# JRE version: Java(TM) SE Runtime Environment (8.0_144-b01) (build 1.8.0_144-b01)
# Java VM: Java HotSpot(TM) 64-Bit Server VM (25.144-b01 mixed mode windows-amd64 compressed oops)
Heap:
 par new generation   total 314560K, used 214522K [0x00000000c0000000, 0x00000000d5550000, 0x00000000d5550000)
  eden space 279616K,  67% used [0x00000000c0000000, 0x00000000cb957ff8, 0x00000000d1110000)
  from space 34944K,  70% used [0x00000000d3330000, 0x00000000d4b56b00, 0x00000000d5550000)
  to   space 34944K,   0% used [0x00000000d1110000, 0x00000000d1110000, 0x00000000d3330000)
 concurrent mark-sweep generation total 699072K, used 104585K [0x00000000d5550000, 0x0000000100000000, 0x0000000100000000)
 Metaspace       used 39569K, capacity 39847K, committed 40320K, reserved 1083392K
  class space    used 5255K, capacity 5387K, committed 5504K, reserved 1048576K
GC Heap History (10 events):
Event: 26.218 GC heap before
{Heap before GC invocations=7 (full 4):
 par new generation   total 314560K, used 314560K [0x00000000c0000000, 0x00000000d5550000, 0x00000000d5550000)
  eden space 279616K, 100% used [0x00000000c0000000, 0x00000000d1110000, 0x00000000d1110000)
  from space 34944K, 100% used [0x00000000d1110000, 0x00000000d3330000, 0x00000000d3330000)
  to   space 34944K,   0% used [0x00000000d3330000, 0x00000000d3330000, 0x00000000d5550000)
 concurrent mark-sweep generation total 699072K, used 120307K [0x00000000d5550000, 0x0000000100000000, 0x0000000100000000)
 Metaspace       used 29282K, capacity 29591K, committed 29824K, reserved 1075200K
  class space    used 3551K, capacity 3641K, committed 3712K, reserved 1048576K
Event: 26.321 GC heap after
Heap after GC invocations=8 (full 4):
 par new generation   total 314560K, used 34943K [0x00000000c0000000, 0x00000000d5550000, 0x00000000d5550000)
  eden space 279616K,   0% used [0x00000000c0000000, 0x00000000c0000000, 0x00000000d1110000)
  from space 34944K,  99% used [0x00000000d3330000, 0x00000000d554fff8, 0x00000000d5550000)
  to   space 34944K,   0% used [0x00000000d1110000, 0x00000000d1110000, 0x00000000d3330000)
 concurrent mark-sweep generation total 699072K, used 162502K [0x00000000d5550000, 0x0000000100000000, 0x0000000100000000)
 Metaspace       used 29282K, capacity 29591K, committed 29824K, reserved 1075200K
  class space    used 3551K, capacity 3641K, committed 3712K, reserved 1048576K
}
Event: 28.569 GC heap before
{Heap before GC invocations=8 (full 4):
 par new generation   total 314560K, used 314559K [0x00000000c0000000, 0x00000000d5550000, 0x00000000d5550000)
  eden space 279616K, 100% used [0x00000000c0000000, 0x00000000d1110000, 0x00000000d1110000)
  from space 34944K,  99% used [0x00000000d3330000, 0x00000000d554fff8, 0x00000000d5550000)
  to   space 34944K,   0% used [0x00000000d1110000, 0x00000000d1110000, 0x00000000d3330000)
 concurrent mark-sweep generation total 699072K, used 149578K [0x00000000d5550000, 0x0000000100000000, 0x0000000100000000)
 Metaspace       used 30892K, capacity 31159K, committed 31616K, reserved 1077248K
  class space    used 3771K, capacity 3865K, committed 3968K, reserved 1048576K
Event: 28.613 GC heap after
Heap after GC invocations=9 (full 4):
 par new generation   total 314560K, used 34944K [0x00000000c0000000, 0x00000000d5550000, 0x00000000d5550000)
  eden space 279616K,   0% used [0x00000000c0000000, 0x00000000c0000000, 0x00000000d1110000)
  from space 34944K, 100% used [0x00000000d1110000, 0x00000000d3330000, 0x00000000d3330000)
  to   space 34944K,   0% used [0x00000000d3330000, 0x00000000d3330000, 0x00000000d5550000)
 concurrent mark-sweep generation total 699072K, used 161512K [0x00000000d5550000, 0x0000000100000000, 0x0000000100000000)
 Metaspace       used 30892K, capacity 31159K, committed 31616K, reserved 1077248K
  class space    used 3771K, capacity 3865K, committed 3968K, reserved 1048576K
}
Event: 30.901 GC heap before
{Heap before GC invocations=9 (full 4):
 par new generation   total 314560K, used 314560K [0x00000000c0000000, 0x00000000d5550000, 0x00000000d5550000)
  eden space 279616K, 100% used [0x00000000c0000000, 0x00000000d1110000, 0x00000000d1110000)
  from space 34944K, 100% used [0x00000000d1110000, 0x00000000d3330000, 0x00000000d3330000)
  to   space 34944K,   0% used [0x00000000d3330000, 0x00000000d3330000, 0x00000000d5550000)
 concurrent mark-sweep generation total 699072K, used 161512K [0x00000000d5550000, 0x0000000100000000, 0x0000000100000000)
 Metaspace       used 32370K, capacity 32617K, committed 33024K, reserved 1079296K
  class space    used 4004K, capacity 4092K, committed 4096K, reserved 1048576K
Event: 30.921 GC heap after
Heap after GC invocations=10 (full 4):
 par new generation   total 314560K, used 13942K [0x00000000c0000000, 0x00000000d5550000, 0x00000000d5550000)
  eden space 279616K,   0% used [0x00000000c0000000, 0x00000000c0000000, 0x00000000d1110000)
  from space 34944K,  39% used [0x00000000d3330000, 0x00000000d40cd878, 0x00000000d5550000)
  to   space 34944K,   0% used [0x00000000d1110000, 0x00000000d1110000, 0x00000000d3330000)
 concurrent mark-sweep generation total 699072K, used 170822K [0x00000000d5550000, 0x0000000100000000, 0x0000000100000000)
 Metaspace       used 32370K, capacity 32617K, committed 33024K, reserved 1079296K
  class space    used 4004K, capacity 4092K, committed 4096K, reserved 1048576K
}
Event: 32.513 GC heap before
{Heap before GC invocations=10 (full 5):
 par new generation   total 314560K, used 293558K [0x00000000c0000000, 0x00000000d5550000, 0x00000000d5550000)
  eden space 279616K, 100% used [0x00000000c0000000, 0x00000000d1110000, 0x00000000d1110000)
  from space 34944K,  39% used [0x00000000d3330000, 0x00000000d40cd878, 0x00000000d5550000)
  to   space 34944K,   0% used [0x00000000d1110000, 0x00000000d1110000, 0x00000000d3330000)
 concurrent mark-sweep generation total 699072K, used 170822K [0x00000000d5550000, 0x0000000100000000, 0x0000000100000000)
 Metaspace       used 35203K, capacity 35523K, committed 35968K, reserved 1081344K
  class space    used 4500K, capacity 4611K, committed 4736K, reserved 1048576K
Event: 32.522 GC heap after
Heap after GC invocations=11 (full 5):
 par new generation   total 314560K, used 16555K [0x00000000c0000000, 0x00000000d5550000, 0x00000000d5550000)
  eden space 279616K,   0% used [0x00000000c0000000, 0x00000000c0000000, 0x00000000d1110000)
  from space 34944K,  47% used [0x00000000d1110000, 0x00000000d213ae78, 0x00000000d3330000)
  to   space 34944K,   0% used [0x00000000d3330000, 0x00000000d3330000, 0x00000000d5550000)
 concurrent mark-sweep generation total 699072K, used 170822K [0x00000000d5550000, 0x0000000100000000, 0x0000000100000000)
 Metaspace       used 35203K, capacity 35523K, committed 35968K, reserved 1081344K
  class space    used 4500K, capacity 4611K, committed 4736K, reserved 1048576K
}
Event: 34.165 GC heap before
{Heap before GC invocations=11 (full 5):
 par new generation   total 314560K, used 296171K [0x00000000c0000000, 0x00000000d5550000, 0x00000000d5550000)
  eden space 279616K, 100% used [0x00000000c0000000, 0x00000000d1110000, 0x00000000d1110000)
  from space 34944K,  47% used [0x00000000d1110000, 0x00000000d213ae78, 0x00000000d3330000)
  to   space 34944K,   0% used [0x00000000d3330000, 0x00000000d3330000, 0x00000000d5550000)
 concurrent mark-sweep generation total 699072K, used 104585K [0x00000000d5550000, 0x0000000100000000, 0x0000000100000000)
 Metaspace       used 38097K, capacity 38327K, committed 38784K, reserved 1083392K
  class space    used 5051K, capacity 5160K, committed 5248K, reserved 1048576K
Event: 34.175 GC heap after
Heap after GC invocations=12 (full 5):
 par new generation   total 314560K, used 24730K [0x00000000c0000000, 0x00000000d5550000, 0x00000000d5550000)
  eden space 279616K,   0% used [0x00000000c0000000, 0x00000000c0000000, 0x00000000d1110000)
  from space 34944K,  70% used [0x00000000d3330000, 0x00000000d4b56b00, 0x00000000d5550000)
  to   space 34944K,   0% used [0x00000000d1110000, 0x00000000d1110000, 0x00000000d3330000)
 concurrent mark-sweep generation total 699072K, used 104585K [0x00000000d5550000, 0x0000000100000000, 0x0000000100000000)
 Metaspace       used 38097K, capacity 38327K, committed 38784K, reserved 1083392K
  class space    used 5051K, capacity 5160K, committed 5248K, reserved 1048576K
}

